<?xml version="1.0" encoding="UTF-8"?>
<!-- Generated by org.testng.reporters.JUnitReportReporter -->
<testsuite hostname="DESKTOP-J7V7KI8" name="org.com.Demo" tests="1" failures="0" timestamp="31 Mar 2022 16:06:38 GMT" time="0.018" errors="0">
  <testcase name="tc2" time="0.018" classname="org.com.Demo"/>
</testsuite> <!-- org.com.Demo -->
